0 info it worked if it ends with ok
1 verbose cli [ '/usr/local/bin/node', '/usr/local/bin/npm', 'publish' ]
2 info using npm@3.3.7
3 info using node@v5.0.0
4 verbose publish [ '.' ]
5 silly cache add args [ '.', null ]
6 verbose cache add spec .
7 silly cache add parsed spec Result {
7 silly cache add   raw: '.',
7 silly cache add   scope: null,
7 silly cache add   name: null,
7 silly cache add   rawSpec: '.',
7 silly cache add   spec: '/Users/hagio/dev/product/auth-validations',
7 silly cache add   type: 'directory' }
8 verbose addLocalDirectory /Users/hagio/.npm/auth-validations/2.3.0/package.tgz not in flight; packing
9 info lifecycle auth-validations@2.3.0~prepublish: auth-validations@2.3.0
10 silly lifecycle auth-validations@2.3.0~prepublish: no script for prepublish, continuing
11 verbose tar pack [ '/Users/hagio/.npm/auth-validations/2.3.0/package.tgz',
11 verbose tar pack   '/Users/hagio/dev/product/auth-validations' ]
12 verbose tarball /Users/hagio/.npm/auth-validations/2.3.0/package.tgz
13 verbose folder /Users/hagio/dev/product/auth-validations
14 verbose addLocalTarball adding from inside cache /Users/hagio/.npm/auth-validations/2.3.0/package.tgz
15 silly cache afterAdd auth-validations@2.3.0
16 verbose afterAdd /Users/hagio/.npm/auth-validations/2.3.0/package/package.json not in flight; writing
17 verbose afterAdd /Users/hagio/.npm/auth-validations/2.3.0/package/package.json written
18 silly publish { name: 'auth-validations',
18 silly publish   description: 'Validates common inputs for user registration process',
18 silly publish   version: '2.3.0',
18 silly publish   main: 'dist/index.js',
18 silly publish   scripts:
18 silly publish    { prebuild: 'rm -rf dist && mkdir dist',
18 silly publish      build: 'babel src/index.js -o dist/index.js',
18 silly publish      commit: 'git-cz',
18 silly publish      'check-coverage': 'istanbul check-coverage --statements 100 --branches 100 --functions 100 --lines 100',
18 silly publish      'report-coverage': 'cat ./coverage/lcov.info | codecov',
18 silly publish      test: 'mocha src/index.test.js -w',
18 silly publish      'test:single': 'istanbul cover -x *.test.js _mocha -- -R spec src/index.test.js',
18 silly publish      'semantic-release': 'semantic-release pre && npm publish && semantic-release post' },
18 silly publish   repository:
18 silly publish    { type: 'git',
18 silly publish      url: 'git+https://github.com/yhagio/auth-validations.git' },
18 silly publish   keywords: [ 'authentication', 'validations' ],
18 silly publish   author:
18 silly publish    { name: 'Yuichi Hagio',
18 silly publish      email: 'yhagio87@gmail.com',
18 silly publish      url: 'http://github.com/yhagio' },
18 silly publish   license: 'MIT',
18 silly publish   bugs: { url: 'https://github.com/yhagio/auth-validations/issues' },
18 silly publish   homepage: 'https://github.com/yhagio/auth-validations#readme',
18 silly publish   devDependencies:
18 silly publish    { chai: '3.4.1',
18 silly publish      'codecov.io': '0.1.6',
18 silly publish      commitizen: '2.4.6',
18 silly publish      'cz-conventional-changelog': '1.1.5',
18 silly publish      ghooks: '1.0.1',
18 silly publish      istanbul: '0.4.1',
18 silly publish      mocha: '2.3.4',
18 silly publish      'semantic-release': '4.3.5' },
18 silly publish   czConfig: { path: 'node_modules/cz-conventional-changelog' },
18 silly publish   config: { ghooks: { 'pre-commit': 'npm run test:single && npm run check-coverage' } },
18 silly publish   readme: '[![travis build](https://img.shields.io/travis/yhagio/auth-validations.svg?style=flat-square)](https://travis-ci.org/yhagio/auth-validations)\n[![codecov coverage](https://img.shields.io/codecov/c/github/yhagio/auth-validations.svg?style=flat-square)](https://codecov.io/github/yhagio/auth-validations)\n[![version](https://img.shields.io/npm/v/auth-validations.svg?style=flat-square)](http://npm.im/auth-validations)\n[![downloads](https://img.shields.io/npm/dm/auth-validations.svg?style=flat-square)](http://npm-stat.com/charts.html?package=auth-validations&from=2015-12-16)\n[![MIT License](https://img.shields.io/npm/l/auth-validations.svg?style=flat-square)](http://opensource.org/licenses/MIT)\n[![semantic-release](https://img.shields.io/badge/%20%20%F0%9F%93%A6%F0%9F%9A%80-semantic--release-e10079.svg?style=flat-square)](https://github.com/semantic-release/semantic-release)\n\n\n### Auth-Validations\nThis is a npm module that validates common inputs for\nuser registration process.\n\n## Install\n```\nnpm install auth-validations\n```\nIn your javascript file,\n```\nvar av = require(\'auth-validations\');\n```\n---\n\n## API\n\n### validateEmail(email)\nReturn error message (String). \nIf the error message length is 0, the validation passed successfully.\n\n### validatePassword(password)\nReturns an array of error messages (String).\nIf the array is empty, the validation passed successfully.\n\n### validateStringLength0to50(text)\nReturn error message (String).\nIf the error message length is 0, the validation passed successfully.',
18 silly publish   readmeFilename: 'README.md',
18 silly publish   gitHead: '10c43f69cfb60e16f7414174f9dc90cde4b6a774',
18 silly publish   _id: 'auth-validations@2.3.0',
18 silly publish   _shasum: 'e092f30afbdd9cd4ffdb84704ccc09c128cde2f7',
18 silly publish   _from: '.' }
19 verbose getPublishConfig undefined
20 silly mapToRegistry name auth-validations
21 silly mapToRegistry using default registry
22 silly mapToRegistry registry https://registry.npmjs.org/
23 silly mapToRegistry uri https://registry.npmjs.org/auth-validations
24 verbose publish registryBase https://registry.npmjs.org/
25 silly publish uploading /Users/hagio/.npm/auth-validations/2.3.0/package.tgz
26 verbose request uri https://registry.npmjs.org/auth-validations
27 verbose request sending authorization for write operation
28 info attempt registry request try #1 at 12:24:05 AM
29 verbose request using bearer token for auth
30 verbose request id 19e1f6ae83a8ae01
31 http request PUT https://registry.npmjs.org/auth-validations
32 http 503 https://registry.npmjs.org/auth-validations
33 verbose bad json <?xml version="1.0" encoding="utf-8"?>
33 verbose bad json <!DOCTYPE html PUBLIC "-//W3C//DTD XHTML 1.0 Strict//EN"
33 verbose bad json  "http://www.w3.org/TR/xhtml1/DTD/xhtml1-strict.dtd">
33 verbose bad json <html>
33 verbose bad json   <head>
33 verbose bad json     <title>503 backend read error</title>
33 verbose bad json   </head>
33 verbose bad json   <body>
33 verbose bad json     <h1>Error 503 backend read error</h1>
33 verbose bad json     <p>backend read error</p>
33 verbose bad json     <h3>Guru Mediation:</h3>
33 verbose bad json     <p>Details: cache-atl6229-ATL 1450416293 2157661235</p>
33 verbose bad json     <hr>
33 verbose bad json     <p>Varnish cache server</p>
33 verbose bad json   </body>
33 verbose bad json </html>
34 error registry error parsing json
35 verbose headers { server: 'Varnish',
35 verbose headers   'retry-after': '0',
35 verbose headers   'content-type': 'text/html; charset=utf-8',
35 verbose headers   'content-length': '448',
35 verbose headers   'accept-ranges': 'bytes',
35 verbose headers   date: 'Fri, 18 Dec 2015 05:24:53 GMT',
35 verbose headers   via: '1.1 varnish',
35 verbose headers   connection: 'close',
35 verbose headers   'x-served-by': 'cache-atl6229-ATL',
35 verbose headers   'x-cache': 'MISS',
35 verbose headers   'x-cache-hits': '0',
35 verbose headers   'x-timer': 'S1450416243.673280,VS0,VE50035' }
36 info retry will retry, error on last attempt: SyntaxError: Unexpected token <
36 info retry
36 info retry <?xml version="1.0" encoding="utf-8"?>
36 info retry <!DOCTYPE html PUBLIC "-//W3C//DTD XHTML 1.0 Strict//EN"
36 info retry  "http://www.w3.org/TR/xhtml1/DTD/xhtml1-strict.dtd">
36 info retry <html>
36 info retry   <head>
36 info retry     <title>503 backend read error</title>
36 info retry   </head>
36 info retry   <body>
36 info retry     <h1>Error 503 backend read error</h1>
36 info retry     <p>backend read error</p>
36 info retry     <h3>Guru Mediation:</h3>
36 info retry     <p>Details: cache-atl6229-ATL 1450416293 2157661235</p>
36 info retry     <hr>
36 info retry     <p>Varnish cache server</p>
36 info retry   </body>
36 info retry </html>
37 info attempt registry request try #2 at 12:25:06 AM
38 verbose request using bearer token for auth
39 http request PUT https://registry.npmjs.org/auth-validations
40 http 403 https://registry.npmjs.org/auth-validations
41 verbose headers { 'content-type': 'application/json',
41 verbose headers   'cache-control': 'max-age=300',
41 verbose headers   'content-length': '95',
41 verbose headers   'accept-ranges': 'bytes',
41 verbose headers   date: 'Fri, 18 Dec 2015 05:25:04 GMT',
41 verbose headers   via: '1.1 varnish',
41 verbose headers   connection: 'keep-alive',
41 verbose headers   'x-served-by': 'cache-iad2145-IAD',
41 verbose headers   'x-cache': 'MISS',
41 verbose headers   'x-cache-hits': '0',
41 verbose headers   'x-timer': 'S1450416304.085738,VS0,VE722' }
42 verbose request invalidating /Users/hagio/.npm/registry.npmjs.org/auth-validations on PUT
43 error publish Failed PUT 403
44 verbose stack Error: "You cannot publish over the previously published version 2.3.0." : auth-validations
44 verbose stack     at makeError (/usr/local/lib/node_modules/npm/node_modules/npm-registry-client/lib/request.js:264:12)
44 verbose stack     at CachingRegistryClient.<anonymous> (/usr/local/lib/node_modules/npm/node_modules/npm-registry-client/lib/request.js:252:14)
44 verbose stack     at Request._callback (/usr/local/lib/node_modules/npm/node_modules/npm-registry-client/lib/request.js:172:14)
44 verbose stack     at Request.self.callback (/usr/local/lib/node_modules/npm/node_modules/request/request.js:198:22)
44 verbose stack     at emitTwo (events.js:87:13)
44 verbose stack     at Request.emit (events.js:172:7)
44 verbose stack     at Request.<anonymous> (/usr/local/lib/node_modules/npm/node_modules/request/request.js:1063:14)
44 verbose stack     at emitOne (events.js:82:20)
44 verbose stack     at Request.emit (events.js:169:7)
44 verbose stack     at IncomingMessage.<anonymous> (/usr/local/lib/node_modules/npm/node_modules/request/request.js:1009:12)
45 verbose statusCode 403
46 verbose pkgid auth-validations
47 verbose cwd /Users/hagio/dev/product/auth-validations
48 error Darwin 15.2.0
49 error argv "/usr/local/bin/node" "/usr/local/bin/npm" "publish"
50 error node v5.0.0
51 error npm  v3.3.7
52 error code E403
53 error "You cannot publish over the previously published version 2.3.0." : auth-validations
54 error If you need help, you may report this error at:
54 error     <https://github.com/npm/npm/issues>
55 verbose exit [ 1, true ]
